Reading package lists...
Building dependency tree...
Reading state information...
The following packages were automatically installed and are no longer required:
  golang-1.21 golang-1.21-doc golang-1.21-go golang-1.21-src libabsl20220623
  libaio1 libdaxctl1 libgphoto2-l10n libkate1 libndctl6 libnsl-dev libpmem1
  libpthread-stubs0-dev libsub-override-perl libtirpc-dev libunibreak5
  libwpe-1.0-1 libwpebackend-fdo-1.0-1 linux-image-6.5.0-kali3-amd64
  python3-diskcache python3-mistune0 python3-pendulum python3-pypdf2
  python3-pyrsistent python3-pytzdata rwho rwhod
Use 'sudo apt autoremove' to remove them.
Suggested packages:
  strace
The following NEW packages will be installed:
  htop
0 upgraded, 1 newly installed, 0 to remove and 1246 not upgraded.
Need to get 163 kB of archives.
After this operation, 416 kB of additional disk space will be used.
Err:1 http://kali.download/kali kali-rolling/main amd64 htop amd64 3.3.0-4
  404  Not Found [IP: 104.17.253.239 80]
Reading package lists...
Building dependency tree...
Reading state information...
The following packages were automatically installed and are no longer required:
  golang-1.21 golang-1.21-doc golang-1.21-go golang-1.21-src libabsl20220623
  libaio1 libdaxctl1 libgphoto2-l10n libkate1 libndctl6 libnsl-dev libpmem1
  libpthread-stubs0-dev libsub-override-perl libtirpc-dev libunibreak5
  libwpe-1.0-1 libwpebackend-fdo-1.0-1 linux-image-6.5.0-kali3-amd64
  python3-diskcache python3-mistune0 python3-pendulum python3-pypdf2
  python3-pyrsistent python3-pytzdata rwho rwhod
Use 'sudo apt autoremove' to remove them.
Suggested packages:
  strace
The following NEW packages will be installed:
  htop
0 upgraded, 1 newly installed, 0 to remove and 1246 not upgraded.
Need to get 163 kB of archives.
After this operation, 416 kB of additional disk space will be used.
Err:1 http://kali.download/kali kali-rolling/main amd64 htop amd64 3.3.0-4
  404  Not Found [IP: 104.17.254.239 80]
Reading package lists...
Building dependency tree...
Reading state information...
The following packages were automatically installed and are no longer required:
  golang-1.21 golang-1.21-doc golang-1.21-go golang-1.21-src libabsl20220623
  libaio1 libdaxctl1 libgphoto2-l10n libkate1 libndctl6 libnsl-dev libpmem1
  libpthread-stubs0-dev libsub-override-perl libtirpc-dev libunibreak5
  libwpe-1.0-1 libwpebackend-fdo-1.0-1 linux-image-6.5.0-kali3-amd64
  python3-diskcache python3-mistune0 python3-pendulum python3-pypdf2
  python3-pyrsistent python3-pytzdata rwho rwhod
Use 'sudo apt autoremove' to remove them.
Suggested packages:
  strace
The following NEW packages will be installed:
  htop
0 upgraded, 1 newly installed, 0 to remove and 1246 not upgraded.
Need to get 163 kB of archives.
After this operation, 416 kB of additional disk space will be used.
Err:1 http://kali.download/kali kali-rolling/main amd64 htop amd64 3.3.0-4
  404  Not Found [IP: 104.17.253.239 80]
Reading package lists...
Building dependency tree...
Reading state information...
The following packages were automatically installed and are no longer required:
  golang-1.21 golang-1.21-doc golang-1.21-go golang-1.21-src libabsl20220623
  libaio1 libdaxctl1 libgphoto2-l10n libkate1 libndctl6 libnsl-dev libpmem1
  libpthread-stubs0-dev libsub-override-perl libtirpc-dev libunibreak5
  libwpe-1.0-1 libwpebackend-fdo-1.0-1 linux-image-6.5.0-kali3-amd64
  python3-diskcache python3-mistune0 python3-pendulum python3-pypdf2
  python3-pyrsistent python3-pytzdata rwho rwhod
Use 'sudo apt autoremove' to remove them.
Suggested packages:
  strace
The following NEW packages will be installed:
  htop
0 upgraded, 1 newly installed, 0 to remove and 1246 not upgraded.
Need to get 163 kB of archives.
After this operation, 416 kB of additional disk space will be used.
Err:1 http://kali.download/kali kali-rolling/main amd64 htop amd64 3.3.0-4
  404  Not Found [IP: 104.17.254.239 80]
Reading package lists...
Building dependency tree...
Reading state information...
The following packages were automatically installed and are no longer required:
  golang-1.21 golang-1.21-doc golang-1.21-go golang-1.21-src libabsl20220623
  libaio1 libdaxctl1 libgphoto2-l10n libkate1 libndctl6 libnsl-dev libpmem1
  libpthread-stubs0-dev libsub-override-perl libtirpc-dev libunibreak5
  libwpe-1.0-1 libwpebackend-fdo-1.0-1 linux-image-6.5.0-kali3-amd64
  python3-diskcache python3-mistune0 python3-pendulum python3-pypdf2
  python3-pyrsistent python3-pytzdata rwho rwhod
Use 'sudo apt autoremove' to remove them.
Suggested packages:
  strace
The following NEW packages will be installed:
  htop
0 upgraded, 1 newly installed, 0 to remove and 1246 not upgraded.
Need to get 163 kB of archives.
After this operation, 416 kB of additional disk space will be used.
Err:1 http://kali.download/kali kali-rolling/main amd64 htop amd64 3.3.0-4
  404  Not Found [IP: 104.17.253.239 80]
